\BOOKMARK [1][-]{section.1}{Introduction}{}% 1
\BOOKMARK [2][-]{subsection.1.1}{Background}{section.1}% 2
\BOOKMARK [2][-]{subsection.1.2}{Overview\040of\040Our\040Work}{section.1}% 3
\BOOKMARK [1][-]{section.2}{Nomenclature}{}% 4
\BOOKMARK [1][-]{section.3}{Task\0401:\040Charging\040Station\040Location\040Model\040\(CSLM\)}{}% 5
\BOOKMARK [2][-]{subsection.3.1}{Model\040Selection}{section.3}% 6
\BOOKMARK [2][-]{subsection.3.2}{Assumptions}{section.3}% 7
\BOOKMARK [2][-]{subsection.3.3}{Intrastate\040CSLM}{section.3}% 8
\BOOKMARK [2][-]{subsection.3.4}{Interstate\040CSLM}{section.3}% 9
\BOOKMARK [2][-]{subsection.3.5}{Model\040Solution}{section.3}% 10
\BOOKMARK [1][-]{section.4}{Task\0402:\040Iterative\040Evolution\040Model\040for\040Charging\040Network\040\(CN-IEM\)}{}% 11
\BOOKMARK [2][-]{subsection.4.1}{Ideas\040of\040Model}{section.4}% 12
\BOOKMARK [2][-]{subsection.4.2}{Assumptions}{section.4}% 13
\BOOKMARK [2][-]{subsection.4.3}{Model\040Establishment}{section.4}% 14
\BOOKMARK [2][-]{subsection.4.4}{Solution:\040Charging\040Network\040for\040South\040Korea}{section.4}% 15
\BOOKMARK [1][-]{section.5}{Task\0403:\040Classification\040Model\040\(CM\)}{}% 16
\BOOKMARK [2][-]{subsection.5.1}{Classification\040Criteria\040and\040Impacts}{section.5}% 17
\BOOKMARK [2][-]{subsection.5.2}{Modification}{section.5}% 18
\BOOKMARK [1][-]{section.6}{Task\0404:\040Impacts\040of\040Emerging\040Technologies\040on\040Charging\040Network\040Evolution}{}% 19
\BOOKMARK [2][-]{subsection.6.1}{Impact\040on\040the\040Number\040of\040EV}{section.6}% 20
\BOOKMARK [2][-]{subsection.6.2}{Impact\040on\040the\040Deployment\040of\040Charging\040Stations}{section.6}% 21
\BOOKMARK [1][-]{section.7}{Model\040Analysis}{}% 22
\BOOKMARK [2][-]{subsection.7.1}{Sensitivity\040Analysis}{section.7}% 23
\BOOKMARK [2][-]{subsection.7.2}{Strengths\040and\040Weaknesses}{section.7}% 24
\BOOKMARK [2][-]{subsection.7.3}{Personal\040to\040Commercial}{section.7}% 25
\BOOKMARK [1][-]{section.8}{Conclusion}{}% 26
\BOOKMARK [1][-]{section*.35}{Handout\040for\040Country\040Leadership}{}% 27
